2025-09-27 19:04:57,828 INFO __main__ Server initialized for eventlet.
2025-09-27 19:04:57,836 WARNING __main__ Redis not available, using in-memory storage
2025-09-27 19:04:58,884 INFO __main__ Sample ML models trained successfully
2025-09-27 19:04:58,887 INFO __main__ 🚀 Starting Open HCP Engagement API v2.0
2025-09-27 19:04:58,887 INFO __main__ 📚 Documentation: http://localhost:5000/docs/
2025-09-27 19:04:58,887 INFO __main__ 🔐 Authentication: Bearer token required for protected endpoints
2025-09-27 19:04:58,887 INFO __main__ 🌐 WebSocket: Real-time notifications available
2025-09-27 19:27:25,957 INFO __main__ 🚀 Starting Open HCP Engagement API v2.0 (Lightweight)
2025-09-27 19:27:25,958 INFO __main__ 📚 Documentation: http://localhost:5000/docs/
2025-09-27 19:27:25,958 INFO __main__ 🔐 Authentication: Bearer token required for protected endpoints
2025-09-27 19:27:25,958 INFO __main__ 🌐 WebSocket: Real-time notifications available
2025-09-27 19:27:25,958 INFO __main__ 📊 Analytics: Lightweight rule-based system (no heavy ML dependencies)
2025-09-27 19:29:48,365 INFO __main__ 🚀 Starting Open HCP Engagement API v2.0 (Lightweight)
2025-09-27 19:29:48,365 INFO __main__ 📚 Documentation: http://localhost:5000/docs/
2025-09-27 19:29:48,365 INFO __main__ 🔐 Authentication: Bearer token required for protected endpoints
2025-09-27 19:29:48,365 INFO __main__ 🌐 WebSocket: Real-time notifications available
2025-09-27 19:29:48,365 INFO __main__ 📊 Analytics: Lightweight rule-based system (no heavy ML dependencies)
2025-09-27 19:31:26,593 INFO __main__ User demo_provider logged in successfully
2025-09-27 19:50:01,518 INFO __main__ User demo_provider logged in successfully
2025-09-27 19:50:03,210 INFO __main__ Literature search by demo_provider for Cardiology
2025-09-27 19:50:03,210 ERROR app Exception on /literature/search [POST]
Traceback (most recent call last):
  File "/Users/andrx/Documents/VSCP/hcp-engagement-api/venv/lib/python3.11/site-packages/flask/app.py", line 1484, in full_dispatch_request
    rv = self.dispatch_request()
         ^^^^^^^^^^^^^^^^^^^^^^^
  File "/Users/andrx/Documents/VSCP/hcp-engagement-api/venv/lib/python3.11/site-packages/flask/app.py", line 1469, in dispatch_request
    return self.ensure_sync(self.view_functions[rule.endpoint])(**view_args)
           ^^^^^^^^^^^^^^^^^^^^^^^^^^^^^^^^^^^^^^^^^^^^^^^^^^^^^^^^^^^^^^^^^
  File "/Users/andrx/Documents/VSCP/hcp-engagement-api/venv/lib/python3.11/site-packages/flask_restx/api.py", line 408, in wrapper
    return self.make_response(data, code, headers=headers)
           ^^^^^^^^^^^^^^^^^^^^^^^^^^^^^^^^^^^^^^^^^^^^^^^
  File "/Users/andrx/Documents/VSCP/hcp-engagement-api/venv/lib/python3.11/site-packages/flask_restx/api.py", line 432, in make_response
    resp = self.representations[mediatype](data, *args, **kwargs)
           ^^^^^^^^^^^^^^^^^^^^^^^^^^^^^^^^^^^^^^^^^^^^^^^^^^^^^^
  File "/Users/andrx/Documents/VSCP/hcp-engagement-api/venv/lib/python3.11/site-packages/flask_restx/representations.py", line 22, in output_json
    dumped = dumps(data, **settings) + "\n"
             ^^^^^^^^^^^^^^^^^^^^^^^
  File "/Library/Frameworks/Python.framework/Versions/3.11/lib/python3.11/json/__init__.py", line 231, in dumps
    return _default_encoder.encode(obj)
           ^^^^^^^^^^^^^^^^^^^^^^^^^^^^
  File "/Library/Frameworks/Python.framework/Versions/3.11/lib/python3.11/json/encoder.py", line 200, in encode
    chunks = self.iterencode(o, _one_shot=True)
             ^^^^^^^^^^^^^^^^^^^^^^^^^^^^^^^^^^
  File "/Library/Frameworks/Python.framework/Versions/3.11/lib/python3.11/json/encoder.py", line 258, in iterencode
    return _iterencode(o, 0)
           ^^^^^^^^^^^^^^^^^
  File "/Library/Frameworks/Python.framework/Versions/3.11/lib/python3.11/json/encoder.py", line 180, in default
    raise TypeError(f'Object of type {o.__class__.__name__} '
TypeError: Object of type date is not JSON serializable
2025-09-27 19:54:59,501 INFO __main__ 🚀 Starting Open HCP Engagement API v2.0 (Lightweight)
2025-09-27 19:54:59,501 INFO __main__ 📚 Documentation: http://localhost:5000/docs/
2025-09-27 19:54:59,501 INFO __main__ 🔐 Authentication: Bearer token required for protected endpoints
2025-09-27 19:54:59,501 INFO __main__ 🌐 WebSocket: Real-time notifications available
2025-09-27 19:54:59,501 INFO __main__ 📊 Analytics: Lightweight rule-based system (no heavy ML dependencies)
2025-09-27 19:55:29,080 INFO __main__ User demo_provider logged in successfully
2025-09-27 19:55:30,049 INFO __main__ Literature search by demo_provider for Cardiology
2025-09-27 19:55:30,050 ERROR app Exception on /literature/search [POST]
Traceback (most recent call last):
  File "/Users/andrx/Documents/VSCP/hcp-engagement-api/venv/lib/python3.11/site-packages/flask/app.py", line 1484, in full_dispatch_request
    rv = self.dispatch_request()
         ^^^^^^^^^^^^^^^^^^^^^^^
  File "/Users/andrx/Documents/VSCP/hcp-engagement-api/venv/lib/python3.11/site-packages/flask/app.py", line 1469, in dispatch_request
    return self.ensure_sync(self.view_functions[rule.endpoint])(**view_args)
           ^^^^^^^^^^^^^^^^^^^^^^^^^^^^^^^^^^^^^^^^^^^^^^^^^^^^^^^^^^^^^^^^^
  File "/Users/andrx/Documents/VSCP/hcp-engagement-api/venv/lib/python3.11/site-packages/flask_restx/api.py", line 408, in wrapper
    return self.make_response(data, code, headers=headers)
           ^^^^^^^^^^^^^^^^^^^^^^^^^^^^^^^^^^^^^^^^^^^^^^^
  File "/Users/andrx/Documents/VSCP/hcp-engagement-api/venv/lib/python3.11/site-packages/flask_restx/api.py", line 432, in make_response
    resp = self.representations[mediatype](data, *args, **kwargs)
           ^^^^^^^^^^^^^^^^^^^^^^^^^^^^^^^^^^^^^^^^^^^^^^^^^^^^^^
  File "/Users/andrx/Documents/VSCP/hcp-engagement-api/venv/lib/python3.11/site-packages/flask_restx/representations.py", line 22, in output_json
    dumped = dumps(data, **settings) + "\n"
             ^^^^^^^^^^^^^^^^^^^^^^^
  File "/Library/Frameworks/Python.framework/Versions/3.11/lib/python3.11/json/__init__.py", line 231, in dumps
    return _default_encoder.encode(obj)
           ^^^^^^^^^^^^^^^^^^^^^^^^^^^^
  File "/Library/Frameworks/Python.framework/Versions/3.11/lib/python3.11/json/encoder.py", line 200, in encode
    chunks = self.iterencode(o, _one_shot=True)
             ^^^^^^^^^^^^^^^^^^^^^^^^^^^^^^^^^^
  File "/Library/Frameworks/Python.framework/Versions/3.11/lib/python3.11/json/encoder.py", line 258, in iterencode
    return _iterencode(o, 0)
           ^^^^^^^^^^^^^^^^^
  File "/Library/Frameworks/Python.framework/Versions/3.11/lib/python3.11/json/encoder.py", line 180, in default
    raise TypeError(f'Object of type {o.__class__.__name__} '
TypeError: Object of type date is not JSON serializable
2025-09-27 19:59:43,303 INFO __main__ 🚀 Starting Open HCP Engagement API v2.0 (Lightweight)
2025-09-27 19:59:43,304 INFO __main__ 📚 Documentation: http://localhost:5000/docs/
2025-09-27 19:59:43,304 INFO __main__ 🔐 Authentication: Bearer token required for protected endpoints
2025-09-27 19:59:43,304 INFO __main__ 🌐 WebSocket: Real-time notifications available
2025-09-27 19:59:43,304 INFO __main__ 📊 Analytics: Lightweight rule-based system (no heavy ML dependencies)
2025-09-27 20:00:02,215 INFO __main__ User demo_provider logged in successfully
2025-09-27 20:00:03,892 INFO __main__ Literature search by demo_provider for Cardiology
2025-09-27 20:00:03,893 ERROR app Exception on /literature/search [POST]
Traceback (most recent call last):
  File "/Users/andrx/Documents/VSCP/hcp-engagement-api/venv/lib/python3.11/site-packages/flask/app.py", line 1484, in full_dispatch_request
    rv = self.dispatch_request()
         ^^^^^^^^^^^^^^^^^^^^^^^
  File "/Users/andrx/Documents/VSCP/hcp-engagement-api/venv/lib/python3.11/site-packages/flask/app.py", line 1469, in dispatch_request
    return self.ensure_sync(self.view_functions[rule.endpoint])(**view_args)
           ^^^^^^^^^^^^^^^^^^^^^^^^^^^^^^^^^^^^^^^^^^^^^^^^^^^^^^^^^^^^^^^^^
  File "/Users/andrx/Documents/VSCP/hcp-engagement-api/venv/lib/python3.11/site-packages/flask_restx/api.py", line 408, in wrapper
    return self.make_response(data, code, headers=headers)
           ^^^^^^^^^^^^^^^^^^^^^^^^^^^^^^^^^^^^^^^^^^^^^^^
  File "/Users/andrx/Documents/VSCP/hcp-engagement-api/venv/lib/python3.11/site-packages/flask_restx/api.py", line 432, in make_response
    resp = self.representations[mediatype](data, *args, **kwargs)
           ^^^^^^^^^^^^^^^^^^^^^^^^^^^^^^^^^^^^^^^^^^^^^^^^^^^^^^
  File "/Users/andrx/Documents/VSCP/hcp-engagement-api/venv/lib/python3.11/site-packages/flask_restx/representations.py", line 22, in output_json
    dumped = dumps(data, **settings) + "\n"
             ^^^^^^^^^^^^^^^^^^^^^^^
  File "/Library/Frameworks/Python.framework/Versions/3.11/lib/python3.11/json/__init__.py", line 231, in dumps
    return _default_encoder.encode(obj)
           ^^^^^^^^^^^^^^^^^^^^^^^^^^^^
  File "/Library/Frameworks/Python.framework/Versions/3.11/lib/python3.11/json/encoder.py", line 200, in encode
    chunks = self.iterencode(o, _one_shot=True)
             ^^^^^^^^^^^^^^^^^^^^^^^^^^^^^^^^^^
  File "/Library/Frameworks/Python.framework/Versions/3.11/lib/python3.11/json/encoder.py", line 258, in iterencode
    return _iterencode(o, 0)
           ^^^^^^^^^^^^^^^^^
  File "/Library/Frameworks/Python.framework/Versions/3.11/lib/python3.11/json/encoder.py", line 180, in default
    raise TypeError(f'Object of type {o.__class__.__name__} '
TypeError: Object of type date is not JSON serializable
2025-09-27 20:00:44,380 INFO __main__ User demo_provider logged in successfully
2025-09-27 20:00:45,413 INFO __main__ Literature search by demo_provider for Cardiology
2025-09-27 20:00:45,414 ERROR app Exception on /literature/search [POST]
Traceback (most recent call last):
  File "/Users/andrx/Documents/VSCP/hcp-engagement-api/venv/lib/python3.11/site-packages/flask/app.py", line 1484, in full_dispatch_request
    rv = self.dispatch_request()
         ^^^^^^^^^^^^^^^^^^^^^^^
  File "/Users/andrx/Documents/VSCP/hcp-engagement-api/venv/lib/python3.11/site-packages/flask/app.py", line 1469, in dispatch_request
    return self.ensure_sync(self.view_functions[rule.endpoint])(**view_args)
           ^^^^^^^^^^^^^^^^^^^^^^^^^^^^^^^^^^^^^^^^^^^^^^^^^^^^^^^^^^^^^^^^^
  File "/Users/andrx/Documents/VSCP/hcp-engagement-api/venv/lib/python3.11/site-packages/flask_restx/api.py", line 408, in wrapper
    return self.make_response(data, code, headers=headers)
           ^^^^^^^^^^^^^^^^^^^^^^^^^^^^^^^^^^^^^^^^^^^^^^^
  File "/Users/andrx/Documents/VSCP/hcp-engagement-api/venv/lib/python3.11/site-packages/flask_restx/api.py", line 432, in make_response
    resp = self.representations[mediatype](data, *args, **kwargs)
           ^^^^^^^^^^^^^^^^^^^^^^^^^^^^^^^^^^^^^^^^^^^^^^^^^^^^^^
  File "/Users/andrx/Documents/VSCP/hcp-engagement-api/venv/lib/python3.11/site-packages/flask_restx/representations.py", line 22, in output_json
    dumped = dumps(data, **settings) + "\n"
             ^^^^^^^^^^^^^^^^^^^^^^^
  File "/Library/Frameworks/Python.framework/Versions/3.11/lib/python3.11/json/__init__.py", line 231, in dumps
    return _default_encoder.encode(obj)
           ^^^^^^^^^^^^^^^^^^^^^^^^^^^^
  File "/Library/Frameworks/Python.framework/Versions/3.11/lib/python3.11/json/encoder.py", line 200, in encode
    chunks = self.iterencode(o, _one_shot=True)
             ^^^^^^^^^^^^^^^^^^^^^^^^^^^^^^^^^^
  File "/Library/Frameworks/Python.framework/Versions/3.11/lib/python3.11/json/encoder.py", line 258, in iterencode
    return _iterencode(o, 0)
           ^^^^^^^^^^^^^^^^^
  File "/Library/Frameworks/Python.framework/Versions/3.11/lib/python3.11/json/encoder.py", line 180, in default
    raise TypeError(f'Object of type {o.__class__.__name__} '
TypeError: Object of type date is not JSON serializable
2025-09-27 20:04:35,219 INFO __main__ User demo_provider logged in successfully
2025-09-27 20:04:36,324 INFO __main__ Literature search by demo_provider for Cardiology
2025-09-27 20:04:36,325 ERROR app Exception on /literature/search [POST]
Traceback (most recent call last):
  File "/Users/andrx/Documents/VSCP/hcp-engagement-api/venv/lib/python3.11/site-packages/flask/app.py", line 1484, in full_dispatch_request
    rv = self.dispatch_request()
         ^^^^^^^^^^^^^^^^^^^^^^^
  File "/Users/andrx/Documents/VSCP/hcp-engagement-api/venv/lib/python3.11/site-packages/flask/app.py", line 1469, in dispatch_request
    return self.ensure_sync(self.view_functions[rule.endpoint])(**view_args)
           ^^^^^^^^^^^^^^^^^^^^^^^^^^^^^^^^^^^^^^^^^^^^^^^^^^^^^^^^^^^^^^^^^
  File "/Users/andrx/Documents/VSCP/hcp-engagement-api/venv/lib/python3.11/site-packages/flask_restx/api.py", line 408, in wrapper
    return self.make_response(data, code, headers=headers)
           ^^^^^^^^^^^^^^^^^^^^^^^^^^^^^^^^^^^^^^^^^^^^^^^
  File "/Users/andrx/Documents/VSCP/hcp-engagement-api/venv/lib/python3.11/site-packages/flask_restx/api.py", line 432, in make_response
    resp = self.representations[mediatype](data, *args, **kwargs)
           ^^^^^^^^^^^^^^^^^^^^^^^^^^^^^^^^^^^^^^^^^^^^^^^^^^^^^^
  File "/Users/andrx/Documents/VSCP/hcp-engagement-api/venv/lib/python3.11/site-packages/flask_restx/representations.py", line 22, in output_json
    dumped = dumps(data, **settings) + "\n"
             ^^^^^^^^^^^^^^^^^^^^^^^
  File "/Library/Frameworks/Python.framework/Versions/3.11/lib/python3.11/json/__init__.py", line 231, in dumps
    return _default_encoder.encode(obj)
           ^^^^^^^^^^^^^^^^^^^^^^^^^^^^
  File "/Library/Frameworks/Python.framework/Versions/3.11/lib/python3.11/json/encoder.py", line 200, in encode
    chunks = self.iterencode(o, _one_shot=True)
             ^^^^^^^^^^^^^^^^^^^^^^^^^^^^^^^^^^
  File "/Library/Frameworks/Python.framework/Versions/3.11/lib/python3.11/json/encoder.py", line 258, in iterencode
    return _iterencode(o, 0)
           ^^^^^^^^^^^^^^^^^
  File "/Library/Frameworks/Python.framework/Versions/3.11/lib/python3.11/json/encoder.py", line 180, in default
    raise TypeError(f'Object of type {o.__class__.__name__} '
TypeError: Object of type date is not JSON serializable
2025-09-27 20:09:40,291 INFO __main__ 🚀 Starting Open HCP Engagement API v2.0 (Lightweight)
2025-09-27 20:09:40,291 INFO __main__ 📚 Documentation: http://localhost:5000/docs/
2025-09-27 20:09:40,291 INFO __main__ 🔐 Authentication: Bearer token required for protected endpoints
2025-09-27 20:09:40,292 INFO __main__ 🌐 WebSocket: Real-time notifications available
2025-09-27 20:09:40,292 INFO __main__ 📊 Analytics: Lightweight rule-based system (no heavy ML dependencies)
2025-09-27 20:10:04,268 INFO __main__ User demo_provider logged in successfully
2025-09-27 20:10:05,315 INFO __main__ Literature search by demo_provider for Cardiology
2025-09-27 20:10:05,319 ERROR app Exception on /literature/search [POST]
Traceback (most recent call last):
  File "/Users/andrx/Documents/VSCP/hcp-engagement-api/venv/lib/python3.11/site-packages/flask/app.py", line 1484, in full_dispatch_request
    rv = self.dispatch_request()
         ^^^^^^^^^^^^^^^^^^^^^^^
  File "/Users/andrx/Documents/VSCP/hcp-engagement-api/venv/lib/python3.11/site-packages/flask/app.py", line 1469, in dispatch_request
    return self.ensure_sync(self.view_functions[rule.endpoint])(**view_args)
           ^^^^^^^^^^^^^^^^^^^^^^^^^^^^^^^^^^^^^^^^^^^^^^^^^^^^^^^^^^^^^^^^^
  File "/Users/andrx/Documents/VSCP/hcp-engagement-api/venv/lib/python3.11/site-packages/flask_restx/api.py", line 408, in wrapper
    return self.make_response(data, code, headers=headers)
           ^^^^^^^^^^^^^^^^^^^^^^^^^^^^^^^^^^^^^^^^^^^^^^^
  File "/Users/andrx/Documents/VSCP/hcp-engagement-api/venv/lib/python3.11/site-packages/flask_restx/api.py", line 432, in make_response
    resp = self.representations[mediatype](data, *args, **kwargs)
           ^^^^^^^^^^^^^^^^^^^^^^^^^^^^^^^^^^^^^^^^^^^^^^^^^^^^^^
  File "/Users/andrx/Documents/VSCP/hcp-engagement-api/venv/lib/python3.11/site-packages/flask_restx/representations.py", line 22, in output_json
    dumped = dumps(data, **settings) + "\n"
             ^^^^^^^^^^^^^^^^^^^^^^^
  File "/Library/Frameworks/Python.framework/Versions/3.11/lib/python3.11/json/__init__.py", line 231, in dumps
    return _default_encoder.encode(obj)
           ^^^^^^^^^^^^^^^^^^^^^^^^^^^^
  File "/Library/Frameworks/Python.framework/Versions/3.11/lib/python3.11/json/encoder.py", line 200, in encode
    chunks = self.iterencode(o, _one_shot=True)
             ^^^^^^^^^^^^^^^^^^^^^^^^^^^^^^^^^^
  File "/Library/Frameworks/Python.framework/Versions/3.11/lib/python3.11/json/encoder.py", line 258, in iterencode
    return _iterencode(o, 0)
           ^^^^^^^^^^^^^^^^^
  File "/Library/Frameworks/Python.framework/Versions/3.11/lib/python3.11/json/encoder.py", line 180, in default
    raise TypeError(f'Object of type {o.__class__.__name__} '
TypeError: Object of type date is not JSON serializable
2025-09-27 20:18:05,636 INFO __main__ 🚀 Starting Open HCP Engagement API v2.0 (Lightweight)
2025-09-27 20:18:05,636 INFO __main__ 📚 Documentation: http://localhost:5000/docs/
2025-09-27 20:18:05,636 INFO __main__ 🔐 Authentication: Bearer token required for protected endpoints
2025-09-27 20:18:05,636 INFO __main__ 🌐 WebSocket: Real-time notifications available
2025-09-27 20:18:05,636 INFO __main__ 📊 Analytics: Lightweight rule-based system (no heavy ML dependencies)
2025-09-27 20:18:41,604 INFO __main__ User demo_provider logged in successfully
2025-09-27 20:18:42,559 INFO __main__ Literature search by demo_provider for Cardiology
2025-09-27 20:18:42,559 ERROR app Exception on /literature/search [POST]
Traceback (most recent call last):
  File "/Users/andrx/Documents/VSCP/hcp-engagement-api/venv/lib/python3.11/site-packages/flask/app.py", line 1484, in full_dispatch_request
    rv = self.dispatch_request()
         ^^^^^^^^^^^^^^^^^^^^^^^
  File "/Users/andrx/Documents/VSCP/hcp-engagement-api/venv/lib/python3.11/site-packages/flask/app.py", line 1469, in dispatch_request
    return self.ensure_sync(self.view_functions[rule.endpoint])(**view_args)
           ^^^^^^^^^^^^^^^^^^^^^^^^^^^^^^^^^^^^^^^^^^^^^^^^^^^^^^^^^^^^^^^^^
  File "/Users/andrx/Documents/VSCP/hcp-engagement-api/venv/lib/python3.11/site-packages/flask_restx/api.py", line 408, in wrapper
    return self.make_response(data, code, headers=headers)
           ^^^^^^^^^^^^^^^^^^^^^^^^^^^^^^^^^^^^^^^^^^^^^^^
  File "/Users/andrx/Documents/VSCP/hcp-engagement-api/venv/lib/python3.11/site-packages/flask_restx/api.py", line 432, in make_response
    resp = self.representations[mediatype](data, *args, **kwargs)
           ^^^^^^^^^^^^^^^^^^^^^^^^^^^^^^^^^^^^^^^^^^^^^^^^^^^^^^
  File "/Users/andrx/Documents/VSCP/hcp-engagement-api/venv/lib/python3.11/site-packages/flask_restx/representations.py", line 22, in output_json
    dumped = dumps(data, **settings) + "\n"
             ^^^^^^^^^^^^^^^^^^^^^^^
  File "/Library/Frameworks/Python.framework/Versions/3.11/lib/python3.11/json/__init__.py", line 231, in dumps
    return _default_encoder.encode(obj)
           ^^^^^^^^^^^^^^^^^^^^^^^^^^^^
  File "/Library/Frameworks/Python.framework/Versions/3.11/lib/python3.11/json/encoder.py", line 200, in encode
    chunks = self.iterencode(o, _one_shot=True)
             ^^^^^^^^^^^^^^^^^^^^^^^^^^^^^^^^^^
  File "/Library/Frameworks/Python.framework/Versions/3.11/lib/python3.11/json/encoder.py", line 258, in iterencode
    return _iterencode(o, 0)
           ^^^^^^^^^^^^^^^^^
  File "/Library/Frameworks/Python.framework/Versions/3.11/lib/python3.11/json/encoder.py", line 180, in default
    raise TypeError(f'Object of type {o.__class__.__name__} '
TypeError: Object of type date is not JSON serializable
2025-09-27 20:19:25,333 INFO __main__ User demo_provider logged in successfully
2025-09-27 20:19:26,294 INFO __main__ Literature search by demo_provider for Cardiology
2025-09-27 20:19:26,295 ERROR app Exception on /literature/search [POST]
Traceback (most recent call last):
  File "/Users/andrx/Documents/VSCP/hcp-engagement-api/venv/lib/python3.11/site-packages/flask/app.py", line 1484, in full_dispatch_request
    rv = self.dispatch_request()
         ^^^^^^^^^^^^^^^^^^^^^^^
  File "/Users/andrx/Documents/VSCP/hcp-engagement-api/venv/lib/python3.11/site-packages/flask/app.py", line 1469, in dispatch_request
    return self.ensure_sync(self.view_functions[rule.endpoint])(**view_args)
           ^^^^^^^^^^^^^^^^^^^^^^^^^^^^^^^^^^^^^^^^^^^^^^^^^^^^^^^^^^^^^^^^^
  File "/Users/andrx/Documents/VSCP/hcp-engagement-api/venv/lib/python3.11/site-packages/flask_restx/api.py", line 408, in wrapper
    return self.make_response(data, code, headers=headers)
           ^^^^^^^^^^^^^^^^^^^^^^^^^^^^^^^^^^^^^^^^^^^^^^^
  File "/Users/andrx/Documents/VSCP/hcp-engagement-api/venv/lib/python3.11/site-packages/flask_restx/api.py", line 432, in make_response
    resp = self.representations[mediatype](data, *args, **kwargs)
           ^^^^^^^^^^^^^^^^^^^^^^^^^^^^^^^^^^^^^^^^^^^^^^^^^^^^^^
  File "/Users/andrx/Documents/VSCP/hcp-engagement-api/venv/lib/python3.11/site-packages/flask_restx/representations.py", line 22, in output_json
    dumped = dumps(data, **settings) + "\n"
             ^^^^^^^^^^^^^^^^^^^^^^^
  File "/Library/Frameworks/Python.framework/Versions/3.11/lib/python3.11/json/__init__.py", line 231, in dumps
    return _default_encoder.encode(obj)
           ^^^^^^^^^^^^^^^^^^^^^^^^^^^^
  File "/Library/Frameworks/Python.framework/Versions/3.11/lib/python3.11/json/encoder.py", line 200, in encode
    chunks = self.iterencode(o, _one_shot=True)
             ^^^^^^^^^^^^^^^^^^^^^^^^^^^^^^^^^^
  File "/Library/Frameworks/Python.framework/Versions/3.11/lib/python3.11/json/encoder.py", line 258, in iterencode
    return _iterencode(o, 0)
           ^^^^^^^^^^^^^^^^^
  File "/Library/Frameworks/Python.framework/Versions/3.11/lib/python3.11/json/encoder.py", line 180, in default
    raise TypeError(f'Object of type {o.__class__.__name__} '
TypeError: Object of type date is not JSON serializable
2025-09-27 20:21:17,490 INFO __main__ 🚀 Starting Open HCP Engagement API v2.0 (Lightweight)
2025-09-27 20:21:17,490 INFO __main__ 📚 Documentation: http://localhost:5000/docs/
2025-09-27 20:21:17,490 INFO __main__ 🔐 Authentication: Bearer token required for protected endpoints
2025-09-27 20:21:17,490 INFO __main__ 🌐 WebSocket: Real-time notifications available
2025-09-27 20:21:17,490 INFO __main__ 📊 Analytics: Lightweight rule-based system (no heavy ML dependencies)
2025-09-27 20:21:37,176 INFO __main__ User demo_provider logged in successfully
2025-09-27 20:21:38,482 INFO __main__ Literature search by demo_provider for Cardiology
2025-09-27 20:21:49,370 INFO __main__ User demo_provider logged in successfully
2025-09-27 20:21:50,549 INFO __main__ Literature search by demo_provider for Cardiology
2025-09-27 20:22:03,395 INFO __main__ User demo_provider logged in successfully
2025-09-27 20:22:04,575 INFO __main__ Literature search by demo_provider for Cardiology
